build/app/intermediates/manifest_merge_blame_file/debug/manifest-merger-blame-debug-report.txt
1<?xml version="1.0" encoding="utf-8"?>
2<manifest xmlns:android="http://schemas.android.com/apk/res/android"
3    package="com.example.ble_base"
4    android:versionCode="1"
5    android:versionName="0.1.0" >
6
7    <uses-sdk
8        android:minSdkVersion="19"
9        android:targetSdkVersion="33" />
10    <!--
11         The INTERNET permission is required for development. Specifically,
12         the Flutter tool needs it to communicate with the running application
13         to allow setting breakpoints, to provide hot reload, etc.
14    -->
15    <uses-permission android:name="android.permission.INTERNET" />
15-->src\debug\AndroidManifest.xml:7:5-66
15-->src\debug\AndroidManifest.xml:7:22-64
16    <!-- Permissions options for the `storage` group -->
17    <uses-permission android:name="android.permission.READ_EXTERNAL_STORAGE" />
17-->src\main\AndroidManifest.xml:5:5-79
17-->src\main\AndroidManifest.xml:5:22-77
18    <uses-permission android:name="android.permission.WRITE_EXTERNAL_STORAGE" /> <!-- Permissions options for the `manage external storage` group -->
18-->src\main\AndroidManifest.xml:6:5-80
18-->src\main\AndroidManifest.xml:6:22-78
19    <uses-permission android:name="android.permission.MANAGE_EXTERNAL_STORAGE" /> <!-- Permissions options for the `location` group -->
19-->src\main\AndroidManifest.xml:8:5-82
19-->src\main\AndroidManifest.xml:8:22-79
20    <uses-permission android:name="android.permission.ACCESS_FINE_LOCATION" />
20-->src\main\AndroidManifest.xml:11:5-79
20-->src\main\AndroidManifest.xml:11:22-76
21    <uses-permission android:name="android.permission.ACCESS_COARSE_LOCATION" />
21-->src\main\AndroidManifest.xml:12:5-81
21-->src\main\AndroidManifest.xml:12:22-78
22    <uses-permission android:name="android.permission.ACCESS_BACKGROUND_LOCATION" /> <!-- Permissions options for the `nearby devices` group -->
22-->src\main\AndroidManifest.xml:13:5-85
22-->src\main\AndroidManifest.xml:13:22-82
23    <!-- <uses-permission android:name="android.permission.BLUETOOTH" /> -->
24    <!-- <uses-permission android:name="android.permission.BLUETOOTH_ADMIN" /> -->
25    <uses-permission android:name="android.permission.BLUETOOTH_SCAN" />
25-->src\main\AndroidManifest.xml:18:5-73
25-->src\main\AndroidManifest.xml:18:22-70
26    <uses-permission android:name="android.permission.BLUETOOTH_ADVERTISE" />
26-->src\main\AndroidManifest.xml:19:5-78
26-->src\main\AndroidManifest.xml:19:22-75
27    <uses-permission android:name="android.permission.BLUETOOTH_CONNECT" /> <!-- Request legacy Bluetooth permissions on older devices. -->
27-->src\main\AndroidManifest.xml:20:5-76
27-->src\main\AndroidManifest.xml:20:22-73
28    <uses-permission
28-->src\main\AndroidManifest.xml:23:5-95
29        android:name="android.permission.BLUETOOTH"
29-->src\main\AndroidManifest.xml:23:22-65
30        android:maxSdkVersion="30" />
30-->src\main\AndroidManifest.xml:23:66-92
31    <uses-permission
31-->src\main\AndroidManifest.xml:24:5-101
32        android:name="android.permission.BLUETOOTH_ADMIN"
32-->src\main\AndroidManifest.xml:24:22-71
33        android:maxSdkVersion="30" />
33-->src\main\AndroidManifest.xml:24:72-98
34
35    <application
36        android:name="android.app.Application"
37        android:appComponentFactory="androidx.core.app.CoreComponentFactory"
37-->[androidx.core:core:1.6.0] AndroidManifest.xml:24:18-86
38        android:debuggable="true"
39        android:icon="@mipmap/ic_launcher"
40        android:label="Monitor EBC"
41        android:requestLegacyExternalStorage="true" >
42        <activity
43            android:name="com.example.ble_base.MainActivity"
44            android:configChanges="orientation|keyboardHidden|keyboard|screenSize|smallestScreenSize|locale|layoutDirection|fontScale|screenLayout|density|uiMode"
45            android:exported="true"
46            android:hardwareAccelerated="true"
47            android:launchMode="singleTop"
48            android:theme="@style/LaunchTheme"
49            android:windowSoftInputMode="adjustResize" >
50
51            <!--
52                 Specifies an Android theme to apply to this Activity as soon as
53                 the Android process has started. This theme is visible to the user
54                 while the Flutter UI initializes. After that, this theme continues
55                 to determine the Window background behind the Flutter UI.
56            -->
57            <meta-data
58                android:name="io.flutter.embedding.android.NormalTheme"
59                android:resource="@style/NormalTheme" />
60
61            <intent-filter>
62                <action android:name="android.intent.action.MAIN" />
63
64                <category android:name="android.intent.category.LAUNCHER" />
65            </intent-filter>
66        </activity>
67        <!--
68             Don't delete the meta-data below.
69             This is used by the Flutter tool to generate GeneratedPluginRegistrant.java
70        -->
71        <meta-data
72            android:name="flutterEmbedding"
73            android:value="2" />
74
75        <service
75-->[:location] AndroidManifest.xml:13:9-17:56
76            android:name="com.lyokone.location.FlutterLocationService"
76-->[:location] AndroidManifest.xml:14:13-71
77            android:enabled="true"
77-->[:location] AndroidManifest.xml:15:13-35
78            android:exported="false"
78-->[:location] AndroidManifest.xml:16:13-37
79            android:foregroundServiceType="location" />
79-->[:location] AndroidManifest.xml:17:13-53
80
81        <uses-library
81-->[androidx.window:window:1.0.0-beta04] AndroidManifest.xml:25:9-27:40
82            android:name="androidx.window.extensions"
82-->[androidx.window:window:1.0.0-beta04] AndroidManifest.xml:26:13-54
83            android:required="false" />
83-->[androidx.window:window:1.0.0-beta04] AndroidManifest.xml:27:13-37
84        <uses-library
84-->[androidx.window:window:1.0.0-beta04] AndroidManifest.xml:28:9-30:40
85            android:name="androidx.window.sidecar"
85-->[androidx.window:window:1.0.0-beta04] AndroidManifest.xml:29:13-51
86            android:required="false" />
86-->[androidx.window:window:1.0.0-beta04] AndroidManifest.xml:30:13-37
87
88        <activity
88-->[com.google.android.gms:play-services-base:16.0.1] AndroidManifest.xml:23:9-26:75
89            android:name="com.google.android.gms.common.api.GoogleApiActivity"
89-->[com.google.android.gms:play-services-base:16.0.1] AndroidManifest.xml:24:13-79
90            android:exported="false"
90-->[com.google.android.gms:play-services-base:16.0.1] AndroidManifest.xml:25:13-37
91            android:theme="@android:style/Theme.Translucent.NoTitleBar" />
91-->[com.google.android.gms:play-services-base:16.0.1] AndroidManifest.xml:26:13-72
92
93        <meta-data
93-->[com.google.android.gms:play-services-basement:16.0.1] AndroidManifest.xml:23:9-25:69
94            android:name="com.google.android.gms.version"
94-->[com.google.android.gms:play-services-basement:16.0.1] AndroidManifest.xml:24:13-58
95            android:value="@integer/google_play_services_version" />
95-->[com.google.android.gms:play-services-basement:16.0.1] AndroidManifest.xml:25:13-66
96    </application>
97
98</manifest>